  Game.cpp
C:\Users\jinzh\Desktop\SFML-Game\SFML-Game\SFML-Game\Game.cpp(49,52): warning C4244: 'argument': conversion from 'T' to 'float', possible loss of data
          with
          [
              T=unsigned int
          ]
C:\Users\jinzh\Desktop\SFML-Game\SFML-Game\SFML-Game\Game.cpp(49,25): warning C4244: 'argument': conversion from 'T' to 'float', possible loss of data
          with
          [
              T=unsigned int
          ]
C:\Users\jinzh\Desktop\SFML-Game\SFML-Game\SFML-Game\Game.cpp(48,59): warning C4244: 'argument': conversion from 'T' to 'float', possible loss of data
          with
          [
              T=unsigned int
          ]
C:\Users\jinzh\Desktop\SFML-Game\SFML-Game\SFML-Game\Game.cpp(48,28): warning C4244: 'argument': conversion from 'T' to 'float', possible loss of data
          with
          [
              T=unsigned int
          ]
C:\Users\jinzh\Desktop\SFML-Game\SFML-Game\SFML-Game\Game.cpp(76,50): warning C4244: 'argument': conversion from 'T' to 'float', possible loss of data
          with
          [
              T=unsigned int
          ]
C:\Users\jinzh\Desktop\SFML-Game\SFML-Game\SFML-Game\Game.cpp(80,50): warning C4244: 'argument': conversion from 'T' to 'float', possible loss of data
          with
          [
              T=unsigned int
          ]
C:\Users\jinzh\Desktop\SFML-Game\SFML-Game\SFML-Game\Game.cpp(94,38): warning C4244: 'argument': conversion from 'T' to 'float', possible loss of data
          with
          [
              T=unsigned int
          ]
  SFML-Game.vcxproj -> C:\Users\jinzh\Desktop\SFML-Game\SFML-Game\x64\Debug\SFML-Game.exe
