  Game.cpp
D:\Dev\SFML-Game\SFML-Game\Game.cpp(35,52): warning C4244: 'argument': conversion from 'T' to 'float', possible loss of data
          with
          [
              T=unsigned int
          ]
D:\Dev\SFML-Game\SFML-Game\Game.cpp(35,25): warning C4244: 'argument': conversion from 'T' to 'float', possible loss of data
          with
          [
              T=unsigned int
          ]
D:\Dev\SFML-Game\SFML-Game\Game.cpp(34,59): warning C4244: 'argument': conversion from 'T' to 'float', possible loss of data
          with
          [
              T=unsigned int
          ]
D:\Dev\SFML-Game\SFML-Game\Game.cpp(34,28): warning C4244: 'argument': conversion from 'T' to 'float', possible loss of data
          with
          [
              T=unsigned int
          ]
D:\Dev\SFML-Game\SFML-Game\Game.cpp(53,50): warning C4244: 'argument': conversion from 'T' to 'float', possible loss of data
          with
          [
              T=unsigned int
          ]
D:\Dev\SFML-Game\SFML-Game\Game.cpp(57,50): warning C4244: 'argument': conversion from 'T' to 'float', possible loss of data
          with
          [
              T=unsigned int
          ]
  Generating code
  6 of 172 functions ( 3.5%) were compiled, the rest were copied from previous compilation.
    0 functions were new in current compilation
    9 functions had inline decision re-evaluated but remain unchanged
  Finished generating code
  SFML-Game.vcxproj -> D:\Dev\SFML-Game\x64\Release\SFML-Game.exe
